Diagnose log at 2025-02-05T13:02:02Z

AppPath: C:\Program Files\Git\mingw64\bin\git-credential-manager.exe
InstallDir: C:\Program Files\Git\mingw64\bin\
Version: 2.6.0+3c28096588f549cb46f36b552390514356830abe

------------
Diagnostic: Environment
Skipped: False
Success: True
Exception: None
Log:
OSType: Windows
OSVersion: 10.0 (build 22631)
Reading environment variables... OK
 Variables:
HOMEPATH=\Users\tdi
DriverData=C:\Windows\System32\Drivers\DriverData
COMPUTERNAME=DESKTOP-MBDAPFV
GIT_TRACE2_PARENT_SID=609feaca-e7fe-4f4c-9a43-5d4a387b7e71
CommonProgramFiles(x86)=C:\Program Files (x86)\Common Files
OneDrive=C:\Users\tdi\OneDrive
LANG=en_US.UTF-8
VSCODE_INJECTION=1
PROCESSOR_REVISION=b701
PATHEXT=.COM;.EXE;.BAT;.CMD;.VBS;.VBE;.JS;.JSE;.WSF;.WSH;.MSC;.CPL
GIT_ASKPASS=c:\Users\tdi\AppData\Local\Programs\Microsoft VS Code\resources\app\extensions\git\dist\askpass.sh
TMP=C:\Users\tdi\AppData\Local\Temp
TEMP=C:\Users\tdi\AppData\Local\Temp
LOCALAPPDATA=C:\Users\tdi\AppData\Local
MSYSTEM=MINGW64
TERM=xterm-256color
COLORTERM=truecolor
USERDOMAIN=DESKTOP-MBDAPFV
ProgramFiles(x86)=C:\Program Files (x86)
Path=C:/Program Files/Git/mingw64/libexec/git-core;C:\Program Files\Git\mingw64\bin;C:\Program Files\Git\usr\bin;C:\Users\tdi\bin;C:\WINDOWS\system32;C:\WINDOWS;C:\WINDOWS\System32\Wbem;C:\WINDOWS\System32\WindowsPowerShell\v1.0\;C:\WINDOWS\System32\OpenSSH\;C:\Program Files\dotnet\;C:\Program Files\Git\cmd;C:\Program Files\nodejs\;C:\Program Files\NVIDIA Corporation\NVIDIA app\NvDLISR;C:\Program Files (x86)\NVIDIA Corporation\PhysX\Common;C:\Users\tdi\AppData\Local\Programs\Python\Launcher\;C:\Users\tdi\AppData\Local\Microsoft\WindowsApps;C:\Users\tdi\AppData\Local\GitHubDesktop\bin;C:\Users\tdi\AppData\Local\Programs\Microsoft VS Code\bin;C:\Users\tdi\AppData\Roaming\npm
TERM_PROGRAM=vscode
PROCESSOR_LEVEL=6
PROCESSOR_IDENTIFIER=Intel64 Family 6 Model 183 Stepping 1, GenuineIntel
TMPDIR=C:\Users\tdi\AppData\Local\Temp
VSCODE_GIT_ASKPASS_EXTRA_ARGS=
TERM_PROGRAM_VERSION=1.96.4
VSCODE_GIT_ASKPASS_MAIN=c:\Users\tdi\AppData\Local\Programs\Microsoft VS Code\resources\app\extensions\git\dist\askpass-main.js
PSModulePath=C:\Users\tdi\OneDrive\Documents\WindowsPowerShell\Modules;C:\Program Files\WindowsPowerShell\Modules;C:\WINDOWS\system32\WindowsPowerShell\v1.0\Modules
PUBLIC=C:\Users\Public
NUMBER_OF_PROCESSORS=32
CommonProgramFiles=C:\Program Files (x86)\Common Files
VSCODE_GIT_IPC_HANDLE=\\.\pipe\vscode-git-bc9ffa3432-sock
CHROME_CRASHPAD_PIPE_NAME=\\.\pipe\crashpad_6480_RSVKKMYPECGRESCI
PLINK_PROTOCOL=ssh
ProgramData=C:\ProgramData
ProgramW6432=C:\Program Files
ProgramFiles=C:\Program Files (x86)
VSCODE_GIT_ASKPASS_NODE=C:\Users\tdi\AppData\Local\Programs\Microsoft VS Code\Code.exe
SystemRoot=C:\WINDOWS
ORIGINAL_XDG_CURRENT_DESKTOP=undefined
HOME=C:\Users\tdi
CommonProgramW6432=C:\Program Files\Common Files
LOGONSERVER=\\DESKTOP-MBDAPFV
GIT_EXEC_PATH=C:/Program Files/Git/mingw64/libexec/git-core
USERDOMAIN_ROAMINGPROFILE=DESKTOP-MBDAPFV
APPDATA=C:\Users\tdi\AppData\Roaming
HOMEDRIVE=C:
USERNAME=tdi
PROCESSOR_ARCHITEW6432=AMD64
PROCESSOR_ARCHITECTURE=x86
USERPROFILE=C:\Users\tdi
OS=Windows_NT
ComSpec=C:\WINDOWS\system32\cmd.exe
SystemDrive=C:
windir=C:\WINDOWS
OneDriveConsumer=C:\Users\tdi\OneDrive
ALLUSERSPROFILE=C:\ProgramData


------------
Diagnostic: File system
Skipped: False
Success: True
Exception: None
Log:
Temporary directory is 'C:\Users\tdi\AppData\Local\Temp\'...
Checking basic file I/O...
Writing to temporary file 'C:\Users\tdi\AppData\Local\Temp\4797402c90f35f16d38b9063'... OK
Reading from temporary file 'C:\Users\tdi\AppData\Local\Temp\4797402c90f35f16d38b9063'... OK
Deleting temporary file 'C:\Users\tdi\AppData\Local\Temp\4797402c90f35f16d38b9063'... OK
Testing IFileSystem instance...
UserHomePath: C:\Users\tdi
UserDataDirectoryPath: C:\Users\tdi\.gcm
GetCurrentDirectory(): D:\Work\flite-app

------------
Diagnostic: Networking
Skipped: False
Success: True
Exception: None
Log:
Checking networking and HTTP stack...
Creating HTTP client... OK
IsNetworkAvailable: True
Sending HEAD request to http://example.com...Sending HEAD request to https://example.com... OK
 OK
Acquiring free TCP port... OK
Testing local HTTP loopback connections...
Creating new HTTP listener for http://localhost:51931/... OK
Waiting for loopback connection... OK
Writing response... OK
Waiting for response data... OK
Loopback connection data OK

------------
Diagnostic: Git
Skipped: False
Success: True
Exception: None
Log:
Getting Git version... OK
Git version is '2.47.0.windows.1'
Locating current repository...Git repository at 'D:/Work/flite-app/.git'
 OK
Listing all Git configuration... OK
Git configuration:
file:C:/Program Files/Git/etc/gitconfig	diff.astextplain.textconv=astextplain
file:C:/Program Files/Git/etc/gitconfig	filter.lfs.clean=git-lfs clean -- %f
file:C:/Program Files/Git/etc/gitconfig	filter.lfs.smudge=git-lfs smudge -- %f
file:C:/Program Files/Git/etc/gitconfig	filter.lfs.process=git-lfs filter-process
file:C:/Program Files/Git/etc/gitconfig	filter.lfs.required=true
file:C:/Program Files/Git/etc/gitconfig	http.sslbackend=openssl
file:C:/Program Files/Git/etc/gitconfig	http.sslcainfo=C:/Program Files/Git/mingw64/etc/ssl/certs/ca-bundle.crt
file:C:/Program Files/Git/etc/gitconfig	core.autocrlf=true
file:C:/Program Files/Git/etc/gitconfig	core.fscache=true
file:C:/Program Files/Git/etc/gitconfig	core.symlinks=false
file:C:/Program Files/Git/etc/gitconfig	pull.rebase=false
file:C:/Program Files/Git/etc/gitconfig	credential.helper=manager
file:C:/Program Files/Git/etc/gitconfig	credential.https://dev.azure.com.usehttppath=true
file:C:/Program Files/Git/etc/gitconfig	init.defaultbranch=master
file:C:/Users/tdi/.gitconfig	filter.lfs.required=true
file:C:/Users/tdi/.gitconfig	filter.lfs.clean=git-lfs clean -- %f
file:C:/Users/tdi/.gitconfig	filter.lfs.smudge=git-lfs smudge -- %f
file:C:/Users/tdi/.gitconfig	filter.lfs.process=git-lfs filter-process
file:C:/Users/tdi/.gitconfig	user.name=thedirtypaw
file:C:/Users/tdi/.gitconfig	user.email=tudor.nicolau@gmail.com
file:C:/Users/tdi/.gitconfig	credential.helper=
file:C:/Users/tdi/.gitconfig	credential.helper=C:/Program\ Files/Git/mingw64/bin/git-credential-manager.exe
file:.git/config	core.repositoryformatversion=0
file:.git/config	core.filemode=false
file:.git/config	core.bare=false
file:.git/config	core.logallrefupdates=true
file:.git/config	core.symlinks=false
file:.git/config	core.ignorecase=true
file:.git/config	remote.flite.url=https://github.com/thedirtypaw/flite
file:.git/config	remote.flite.fetch=+refs/heads/*:refs/remotes/flite/*
file:.git/config	lfs.repositoryformatversion=0
file:.git/config	branch.master.remote=flite
file:.git/config	branch.master.merge=refs/heads/master
file:.git/config	remote.origin.url=https://github.com/thedirtypaw/flite
file:.git/config	remote.origin.fetch=+refs/heads/*:refs/remotes/origin/*


------------
Diagnostic: Credential storage
Skipped: False
Success: True
Exception: None
Log:
ICredentialStore instance is of type: CredentialStore
Writing test credential... OK
Reading test credential... OK
Deleting test credential... OK

------------
Diagnostic: Microsoft authentication (AAD/MSA)
Skipped: False
Success: True
Exception: None
Log:
Broker is not enabled.
Flow type is: Auto
Gathering MSAL token cache data... OK
CacheDirectory: C:\Users\tdi\AppData\Local\.IdentityService
CacheFileName: msal.cache
CacheFilePath: C:\Users\tdi\AppData\Local\.IdentityService\msal.cache
Creating cache helper... OK
Verifying MSAL token cache persistence... OK

------------
Diagnostic: GitHub API
Skipped: False
Success: True
Exception: None
Log:
Using 'https://github.com/' as API target.
Querying '/meta' endpoint... OK

